[2020-07-31 15:29:10] [build] Configuration file:
[2020-07-31 15:29:10] [build] prepare:
[2020-07-31 15:29:11] [build] index:
[2020-07-31 15:29:12] [build] [2020-07-31 15:29:12] Build directory is /opt/src/./back
[2020-07-31 15:29:12] [build] [2020-07-31 15:29:12] [autobuild] > odasa index --xml --include "**/AndroidManifest.xml" "**/pom.xml" "**/web.xml"
[2020-07-31 15:29:13] [build] [2020-07-31 15:29:13] [autobuild] [2020-07-31 15:29:13] [XMLExtractor] [WARN] Failed to find any files in directory /opt/src
[2020-07-31 15:29:13] [build] [2020-07-31 15:29:13] [autobuild] > chmod +x gradlew
[2020-07-31 15:29:13] [build] [2020-07-31 15:29:13] [autobuild] > ./gradlew -Dorg.gradle.caching=false --no-daemon -S clean
[2020-07-31 15:29:13] [build] [2020-07-31 15:29:13] [autobuild] Downloading https://services.gradle.org/distributions/gradle-6.5.1-all.zip
[2020-07-31 15:29:18] [build] [2020-07-31 15:29:18] [autobuild] .............10%..............20%..............30%..............40%..............50%..............60%..............70%..............80%..............90%..............100%
[2020-07-31 15:29:22] [build] [2020-07-31 15:29:22] [autobuild] Welcome to Gradle 6.5.1!
[2020-07-31 15:29:22] [build] [2020-07-31 15:29:22] [autobuild] Here are the highlights of this release:
[2020-07-31 15:29:22] [build] [2020-07-31 15:29:22] [autobuild]  - Experimental file-system watching
[2020-07-31 15:29:22] [build] [2020-07-31 15:29:22] [autobuild]  - Improved version ordering
[2020-07-31 15:29:22] [build] [2020-07-31 15:29:22] [autobuild]  - New samples
[2020-07-31 15:29:22] [build] [2020-07-31 15:29:22] [autobuild] For more details see https://docs.gradle.org/6.5.1/release-notes.html
[2020-07-31 15:29:22] [build] [2020-07-31 15:29:22] [autobuild] To honour the JVM settings for this build a new JVM will be forked. Please consider using the daemon: https://docs.gradle.org/6.5.1/userguide/gradle_daemon.html.
[2020-07-31 15:29:24] [build] [2020-07-31 15:29:24] [autobuild] Daemon will be stopped at the end of the build stopping after processing
[2020-07-31 15:30:58] [build] [2020-07-31 15:30:58] [autobuild] > Task :clean UP-TO-DATE
[2020-07-31 15:30:58] [build] [2020-07-31 15:30:58] [autobuild] Deprecated Gradle features were used in this build, making it incompatible with Gradle 7.0.
[2020-07-31 15:30:58] [build] [2020-07-31 15:30:58] [autobuild] Use '--warning-mode all' to show the individual deprecation warnings.
[2020-07-31 15:30:58] [build] [2020-07-31 15:30:58] [autobuild] See https://docs.gradle.org/6.5.1/userguide/command_line_interface.html#sec:command_line_warnings
[2020-07-31 15:30:58] [build] [2020-07-31 15:30:58] [autobuild] BUILD SUCCESSFUL in 1m 44s
[2020-07-31 15:30:58] [build] [2020-07-31 15:30:58] [autobuild] 1 actionable task: 1 up-to-date
[2020-07-31 15:30:58] [build] [2020-07-31 15:30:58] [autobuild] > ./gradlew -Dorg.gradle.caching=false --no-daemon -S testClasses
[2020-07-31 15:30:59] [build] [2020-07-31 15:30:59] [autobuild] Running '/opt/dist/tools/preload_tracer ./gradlew -Dorg.gradle.caching=false --no-daemon -S testClasses' with tracer /opt/dist/tools/preload_tracer
[2020-07-31 15:31:00] [build] [2020-07-31 15:31:00] [autobuild] To honour the JVM settings for this build a new JVM will be forked. Please consider using the daemon: https://docs.gradle.org/6.5.1/userguide/gradle_daemon.html.
[2020-07-31 15:31:02] [build] [2020-07-31 15:31:02] [autobuild] Daemon will be stopped at the end of the build stopping after processing
[2020-07-31 15:31:37] [build] [2020-07-31 15:31:37] [autobuild] > Task :compileJava
[2020-07-31 15:31:44] [build] [2020-07-31 15:31:44] [autobuild] > Task :compileJava FAILED
[2020-07-31 15:31:44] [build] [2020-07-31 15:31:44] [autobuild] FAILURE: Build failed with an exception.
[2020-07-31 15:31:44] [build] [2020-07-31 15:31:44] [autobuild] * What went wrong:
[2020-07-31 15:31:44] [build] [2020-07-31 15:31:44] [autobuild] Execution failed for task ':compileJava'.
[2020-07-31 15:31:44] [build] [2020-07-31 15:31:44] [autobuild] > Could not target platform: 'Java SE 11' using tool chain: 'JDK 8 (1.8)'.
[2020-07-31 15:31:44] [build] [2020-07-31 15:31:44] [autobuild] * Try:
[2020-07-31 15:31:44] [build] [2020-07-31 15:31:44] [autobuild] Run with --info or --debug option to get more log output. Run with --scan to get full insights.
[2020-07-31 15:31:44] [build] [2020-07-31 15:31:44] [autobuild] * Exception is:
[2020-07-31 15:31:44] [build] [2020-07-31 15:31:44] [autobuild] org.gradle.api.tasks.TaskExecutionException: Execution failed for task ':compileJava'.
[2020-07-31 15:31:44] [build] [2020-07-31 15:31:44] [autobuild] 	at org.gradle.api.internal.tasks.execution.ExecuteActionsTaskExecuter.lambda$executeIfValid$1(ExecuteActionsTaskExecuter.java:207)
[2020-07-31 15:31:44] [build] [2020-07-31 15:31:44] [autobuild] 	at org.gradle.internal.Try$Failure.ifSuccessfulOrElse(Try.java:263)
[2020-07-31 15:31:45] [build] [2020-07-31 15:31:44] [autobuild] 	at org.gradle.api.internal.tasks.execution.ExecuteActionsTaskExecuter.executeIfValid(ExecuteActionsTaskExecuter.java:205)
[2020-07-31 15:31:45] [build] [2020-07-31 15:31:44] [autobuild] 	at org.gradle.api.internal.tasks.execution.ExecuteActionsTaskExecuter.execute(ExecuteActionsTaskExecuter.java:186)
[2020-07-31 15:31:45] [build] [2020-07-31 15:31:44] [autobuild] 	at org.gradle.api.internal.tasks.execution.CleanupStaleOutputsExecuter.execute(CleanupStaleOutputsExecuter.java:114)
[2020-07-31 15:31:45] [build] [2020-07-31 15:31:45] [autobuild] 	at org.gradle.api.internal.tasks.execution.FinalizePropertiesTaskExecuter.execute(FinalizePropertiesTaskExecuter.java:46)
[2020-07-31 15:31:45] [build] [2020-07-31 15:31:45] [autobuild] 	at org.gradle.api.internal.tasks.execution.ResolveTaskExecutionModeExecuter.execute(ResolveTaskExecutionModeExecuter.java:62)
[2020-07-31 15:31:45] [build] [2020-07-31 15:31:45] [autobuild] 	at org.gradle.api.internal.tasks.execution.SkipTaskWithNoActionsExecuter.execute(SkipTaskWithNoActionsExecuter.java:57)
[2020-07-31 15:31:45] [build] [2020-07-31 15:31:45] [autobuild] 	at org.gradle.api.internal.tasks.execution.SkipOnlyIfTaskExecuter.execute(SkipOnlyIfTaskExecuter.java:56)
[2020-07-31 15:31:45] [build] [2020-07-31 15:31:45] [autobuild] 	at org.gradle.api.internal.tasks.execution.CatchExceptionTaskExecuter.execute(CatchExceptionTaskExecuter.java:36)
[2020-07-31 15:31:45] [build] [2020-07-31 15:31:45] [autobuild] 	at org.gradle.api.internal.tasks.execution.EventFiringTaskExecuter$1.executeTask(EventFiringTaskExecuter.java:77)
[2020-07-31 15:31:45] [build] [2020-07-31 15:31:45] [autobuild] 	at org.gradle.api.internal.tasks.execution.EventFiringTaskExecuter$1.call(EventFiringTaskExecuter.java:55)
[2020-07-31 15:31:45] [build] [2020-07-31 15:31:45] [autobuild] 	at org.gradle.api.internal.tasks.execution.EventFiringTaskExecuter$1.call(EventFiringTaskExecuter.java:52)
[2020-07-31 15:31:45] [build] [2020-07-31 15:31:45] [autobuild] 	at org.gradle.internal.operations.DefaultBuildOperationExecutor$CallableBuildOperationWorker.execute(DefaultBuildOperationExecutor.java:409)
[2020-07-31 15:31:45] [build] [2020-07-31 15:31:45] [autobuild] 	at org.gradle.internal.operations.DefaultBuildOperationExecutor$CallableBuildOperationWorker.execute(DefaultBuildOperationExecutor.java:399)
[2020-07-31 15:31:45] [build] [2020-07-31 15:31:45] [autobuild] 	at org.gradle.internal.operations.DefaultBuildOperationExecutor$1.execute(DefaultBuildOperationExecutor.java:157)
[2020-07-31 15:31:45] [build] [2020-07-31 15:31:45] [autobuild] 	at org.gradle.internal.operations.DefaultBuildOperationExecutor.execute(DefaultBuildOperationExecutor.java:242)
[2020-07-31 15:31:45] [build] [2020-07-31 15:31:45] [autobuild] 	at org.gradle.internal.operations.DefaultBuildOperationExecutor.execute(DefaultBuildOperationExecutor.java:150)
[2020-07-31 15:31:45] [build] [2020-07-31 15:31:45] [autobuild] 	at org.gradle.internal.operations.DefaultBuildOperationExecutor.call(DefaultBuildOperationExecutor.java:94)
[2020-07-31 15:31:45] [build] [2020-07-31 15:31:45] [autobuild] 	at org.gradle.internal.operations.DelegatingBuildOperationExecutor.call(DelegatingBuildOperationExecutor.java:36)
[2020-07-31 15:31:45] [build] [2020-07-31 15:31:45] [autobuild] 	at org.gradle.api.internal.tasks.execution.EventFiringTaskExecuter.execute(EventFiringTaskExecuter.java:52)
[2020-07-31 15:31:45] [build] [2020-07-31 15:31:45] [autobuild] 	at org.gradle.execution.plan.LocalTaskNodeExecutor.execute(LocalTaskNodeExecutor.java:41)
[2020-07-31 15:31:45] [build] [2020-07-31 15:31:45] [autobuild] 	at org.gradle.execution.taskgraph.DefaultTaskExecutionGraph$InvokeNodeExecutorsAction.execute(DefaultTaskExecutionGraph.java:356)
[2020-07-31 15:31:45] [build] [2020-07-31 15:31:45] [autobuild] 	at org.gradle.execution.taskgraph.DefaultTaskExecutionGraph$InvokeNodeExecutorsAction.execute(DefaultTaskExecutionGraph.java:343)
[2020-07-31 15:31:45] [build] [2020-07-31 15:31:45] [autobuild] 	at org.gradle.execution.taskgraph.DefaultTaskExecutionGraph$BuildOperationAwareExecutionAction.execute(DefaultTaskExecutionGraph.java:336)
[2020-07-31 15:31:45] [build] [2020-07-31 15:31:45] [autobuild] 	at org.gradle.execution.taskgraph.DefaultTaskExecutionGraph$BuildOperationAwareExecutionAction.execute(DefaultTaskExecutionGraph.java:322)
[2020-07-31 15:31:45] [build] [2020-07-31 15:31:45] [autobuild] 	at org.gradle.execution.plan.DefaultPlanExecutor$ExecutorWorker.lambda$run$0(DefaultPlanExecutor.java:127)
[2020-07-31 15:31:45] [build] [2020-07-31 15:31:45] [autobuild] 	at org.gradle.execution.plan.DefaultPlanExecutor$ExecutorWorker.execute(DefaultPlanExecutor.java:191)
[2020-07-31 15:31:45] [build] [2020-07-31 15:31:45] [autobuild] 	at org.gradle.execution.plan.DefaultPlanExecutor$ExecutorWorker.executeNextNode(DefaultPlanExecutor.java:182)
[2020-07-31 15:31:45] [build] [2020-07-31 15:31:45] [autobuild] 	at org.gradle.execution.plan.DefaultPlanExecutor$ExecutorWorker.run(DefaultPlanExecutor.java:124)
[2020-07-31 15:31:45] [build] [2020-07-31 15:31:45] [autobuild] 	at org.gradle.execution.plan.DefaultPlanExecutor.process(DefaultPlanExecutor.java:72)
[2020-07-31 15:31:45] [build] [2020-07-31 15:31:45] [autobuild] 	at org.gradle.execution.taskgraph.DefaultTaskExecutionGraph.executeWithServices(DefaultTaskExecutionGraph.java:181)
[2020-07-31 15:31:45] [build] [2020-07-31 15:31:45] [autobuild] 	at org.gradle.execution.taskgraph.DefaultTaskExecutionGraph.execute(DefaultTaskExecutionGraph.java:174)
[2020-07-31 15:31:45] [build] [2020-07-31 15:31:45] [autobuild] 	at org.gradle.execution.SelectedTaskExecutionAction.execute(SelectedTaskExecutionAction.java:39)
[2020-07-31 15:31:45] [build] [2020-07-31 15:31:45] [autobuild] 	at org.gradle.execution.DefaultBuildWorkExecutor.execute(DefaultBuildWorkExecutor.java:40)
[2020-07-31 15:31:45] [build] [2020-07-31 15:31:45] [autobuild] 	at org.gradle.execution.DefaultBuildWorkExecutor.access$000(DefaultBuildWorkExecutor.java:24)
[2020-07-31 15:31:45] [build] [2020-07-31 15:31:45] [autobuild] 	at org.gradle.execution.DefaultBuildWorkExecutor$1.proceed(DefaultBuildWorkExecutor.java:48)
[2020-07-31 15:31:45] [build] [2020-07-31 15:31:45] [autobuild] 	at org.gradle.execution.DryRunBuildExecutionAction.execute(DryRunBuildExecutionAction.java:49)
[2020-07-31 15:31:45] [build] [2020-07-31 15:31:45] [autobuild] 	at org.gradle.execution.DefaultBuildWorkExecutor.execute(DefaultBuildWorkExecutor.java:40)
[2020-07-31 15:31:45] [build] [2020-07-31 15:31:45] [autobuild] 	at org.gradle.execution.DefaultBuildWorkExecutor.execute(DefaultBuildWorkExecutor.java:33)
[2020-07-31 15:31:45] [build] [2020-07-31 15:31:45] [autobuild] 	at org.gradle.execution.IncludedBuildLifecycleBuildWorkExecutor.execute(IncludedBuildLifecycleBuildWorkExecutor.java:36)
[2020-07-31 15:31:45] [build] [2020-07-31 15:31:45] [autobuild] 	at org.gradle.execution.DeprecateUndefinedBuildWorkExecutor.execute(DeprecateUndefinedBuildWorkExecutor.java:42)
[2020-07-31 15:31:45] [build] [2020-07-31 15:31:45] [autobuild] 	at org.gradle.execution.BuildOperationFiringBuildWorkerExecutor$ExecuteTasks.run(BuildOperationFiringBuildWorkerExecutor.java:57)
[2020-07-31 15:31:45] [build] [2020-07-31 15:31:45] [autobuild] 	at org.gradle.internal.operations.DefaultBuildOperationExecutor$RunnableBuildOperationWorker.execute(DefaultBuildOperationExecutor.java:395)
[2020-07-31 15:31:45] [build] [2020-07-31 15:31:45] [autobuild] 	at org.gradle.internal.operations.DefaultBuildOperationExecutor$RunnableBuildOperationWorker.execute(DefaultBuildOperationExecutor.java:387)
[2020-07-31 15:31:45] [build] [2020-07-31 15:31:45] [autobuild] 	at org.gradle.internal.operations.DefaultBuildOperationExecutor$1.execute(DefaultBuildOperationExecutor.java:157)
[2020-07-31 15:31:45] [build] [2020-07-31 15:31:45] [autobuild] 	at org.gradle.internal.operations.DefaultBuildOperationExecutor.execute(DefaultBuildOperationExecutor.java:242)
[2020-07-31 15:31:45] [build] [2020-07-31 15:31:45] [autobuild] 	at org.gradle.internal.operations.DefaultBuildOperationExecutor.execute(DefaultBuildOperationExecutor.java:150)
[2020-07-31 15:31:45] [build] [2020-07-31 15:31:45] [autobuild] 	at org.gradle.internal.operations.DefaultBuildOperationExecutor.run(DefaultBuildOperationExecutor.java:84)
[2020-07-31 15:31:45] [build] [2020-07-31 15:31:45] [autobuild] 	at org.gradle.internal.operations.DelegatingBuildOperationExecutor.run(DelegatingBuildOperationExecutor.java:31)
[2020-07-31 15:31:45] [build] [2020-07-31 15:31:45] [autobuild] 	at org.gradle.execution.BuildOperationFiringBuildWorkerExecutor.execute(BuildOperationFiringBuildWorkerExecutor.java:42)
[2020-07-31 15:31:45] [build] [2020-07-31 15:31:45] [autobuild] 	at org.gradle.initialization.DefaultGradleLauncher.runWork(DefaultGradleLauncher.java:257)
[2020-07-31 15:31:45] [build] [2020-07-31 15:31:45] [autobuild] 	at org.gradle.initialization.DefaultGradleLauncher.doClassicBuildStages(DefaultGradleLauncher.java:164)
[2020-07-31 15:31:45] [build] [2020-07-31 15:31:45] [autobuild] 	at org.gradle.initialization.DefaultGradleLauncher.doBuildStages(DefaultGradleLauncher.java:140)
[2020-07-31 15:31:45] [build] [2020-07-31 15:31:45] [autobuild] 	at org.gradle.initialization.DefaultGradleLauncher.executeTasks(DefaultGradleLauncher.java:120)
[2020-07-31 15:31:45] [build] [2020-07-31 15:31:45] [autobuild] 	at org.gradle.internal.invocation.GradleBuildController$1.create(GradleBuildController.java:74)
[2020-07-31 15:31:45] [build] [2020-07-31 15:31:45] [autobuild] 	at org.gradle.internal.invocation.GradleBuildController$1.create(GradleBuildController.java:67)
[2020-07-31 15:31:45] [build] [2020-07-31 15:31:45] [autobuild] 	at org.gradle.internal.work.DefaultWorkerLeaseService.withLocks(DefaultWorkerLeaseService.java:180)
[2020-07-31 15:31:45] [build] [2020-07-31 15:31:45] [autobuild] 	at org.gradle.internal.work.StopShieldingWorkerLeaseService.withLocks(StopShieldingWorkerLeaseService.java:40)
[2020-07-31 15:31:45] [build] [2020-07-31 15:31:45] [autobuild] 	at org.gradle.internal.invocation.GradleBuildController.doBuild(GradleBuildController.java:67)
[2020-07-31 15:31:45] [build] [2020-07-31 15:31:45] [autobuild] 	at org.gradle.internal.invocation.GradleBuildController.run(GradleBuildController.java:56)
[2020-07-31 15:31:45] [build] [2020-07-31 15:31:45] [autobuild] 	at org.gradle.tooling.internal.provider.ExecuteBuildActionRunner.run(ExecuteBuildActionRunner.java:31)
[2020-07-31 15:31:45] [build] [2020-07-31 15:31:45] [autobuild] 	at org.gradle.launcher.exec.ChainingBuildActionRunner.run(ChainingBuildActionRunner.java:35)
[2020-07-31 15:31:45] [build] [2020-07-31 15:31:45] [autobuild] 	at org.gradle.launcher.exec.BuildOutcomeReportingBuildActionRunner.run(BuildOutcomeReportingBuildActionRunner.java:63)
[2020-07-31 15:31:45] [build] [2020-07-31 15:31:45] [autobuild] 	at org.gradle.tooling.internal.provider.ValidatingBuildActionRunner.run(ValidatingBuildActionRunner.java:32)
[2020-07-31 15:31:45] [build] [2020-07-31 15:31:45] [autobuild] 	at org.gradle.launcher.exec.BuildCompletionNotifyingBuildActionRunner.run(BuildCompletionNotifyingBuildActionRunner.java:39)
[2020-07-31 15:31:45] [build] [2020-07-31 15:31:45] [autobuild] 	at org.gradle.launcher.exec.RunAsBuildOperationBuildActionRunner$3.call(RunAsBuildOperationBuildActionRunner.java:51)
[2020-07-31 15:31:45] [build] [2020-07-31 15:31:45] [autobuild] 	at org.gradle.launcher.exec.RunAsBuildOperationBuildActionRunner$3.call(RunAsBuildOperationBuildActionRunner.java:45)
[2020-07-31 15:31:45] [build] [2020-07-31 15:31:45] [autobuild] 	at org.gradle.internal.operations.DefaultBuildOperationExecutor$CallableBuildOperationWorker.execute(DefaultBuildOperationExecutor.java:409)
[2020-07-31 15:31:45] [build] [2020-07-31 15:31:45] [autobuild] 	at org.gradle.internal.operations.DefaultBuildOperationExecutor$CallableBuildOperationWorker.execute(DefaultBuildOperationExecutor.java:399)
[2020-07-31 15:31:45] [build] [2020-07-31 15:31:45] [autobuild] 	at org.gradle.internal.operations.DefaultBuildOperationExecutor$1.execute(DefaultBuildOperationExecutor.java:157)
[2020-07-31 15:31:45] [build] [2020-07-31 15:31:45] [autobuild] 	at org.gradle.internal.operations.DefaultBuildOperationExecutor.execute(DefaultBuildOperationExecutor.java:242)
[2020-07-31 15:31:45] [build] [2020-07-31 15:31:45] [autobuild] 	at org.gradle.internal.operations.DefaultBuildOperationExecutor.execute(DefaultBuildOperationExecutor.java:150)
[2020-07-31 15:31:45] [build] [2020-07-31 15:31:45] [autobuild] 	at org.gradle.internal.operations.DefaultBuildOperationExecutor.call(DefaultBuildOperationExecutor.java:94)
[2020-07-31 15:31:45] [build] [2020-07-31 15:31:45] [autobuild] 	at org.gradle.internal.operations.DelegatingBuildOperationExecutor.call(DelegatingBuildOperationExecutor.java:36)
[2020-07-31 15:31:45] [build] [2020-07-31 15:31:45] [autobuild] 	at org.gradle.launcher.exec.RunAsBuildOperationBuildActionRunner.run(RunAsBuildOperationBuildActionRunner.java:45)
[2020-07-31 15:31:45] [build] [2020-07-31 15:31:45] [autobuild] 	at org.gradle.launcher.exec.InProcessBuildActionExecuter$1.transform(InProcessBuildActionExecuter.java:50)
[2020-07-31 15:31:45] [build] [2020-07-31 15:31:45] [autobuild] 	at org.gradle.launcher.exec.InProcessBuildActionExecuter$1.transform(InProcessBuildActionExecuter.java:47)
[2020-07-31 15:31:45] [build] [2020-07-31 15:31:45] [autobuild] 	at org.gradle.composite.internal.DefaultRootBuildState.run(DefaultRootBuildState.java:80)
[2020-07-31 15:31:45] [build] [2020-07-31 15:31:45] [autobuild] 	at org.gradle.launcher.exec.InProcessBuildActionExecuter.execute(InProcessBuildActionExecuter.java:47)
[2020-07-31 15:31:45] [build] [2020-07-31 15:31:45] [autobuild] 	at org.gradle.launcher.exec.InProcessBuildActionExecuter.execute(InProcessBuildActionExecuter.java:31)
[2020-07-31 15:31:45] [build] [2020-07-31 15:31:45] [autobuild] 	at org.gradle.launcher.exec.BuildTreeScopeBuildActionExecuter.execute(BuildTreeScopeBuildActionExecuter.java:42)
[2020-07-31 15:31:45] [build] [2020-07-31 15:31:45] [autobuild] 	at org.gradle.launcher.exec.BuildTreeScopeBuildActionExecuter.execute(BuildTreeScopeBuildActionExecuter.java:28)
[2020-07-31 15:31:45] [build] [2020-07-31 15:31:45] [autobuild] 	at org.gradle.tooling.internal.provider.ContinuousBuildActionExecuter.execute(ContinuousBuildActionExecuter.java:87)
[2020-07-31 15:31:45] [build] [2020-07-31 15:31:45] [autobuild] 	at org.gradle.tooling.internal.provider.ContinuousBuildActionExecuter.execute(ContinuousBuildActionExecuter.java:55)
[2020-07-31 15:31:45] [build] [2020-07-31 15:31:45] [autobuild] 	at org.gradle.tooling.internal.provider.SubscribableBuildActionExecuter.execute(SubscribableBuildActionExecuter.java:60)
[2020-07-31 15:31:45] [build] [2020-07-31 15:31:45] [autobuild] 	at org.gradle.tooling.internal.provider.SubscribableBuildActionExecuter.execute(SubscribableBuildActionExecuter.java:38)
[2020-07-31 15:31:45] [build] [2020-07-31 15:31:45] [autobuild] 	at org.gradle.tooling.internal.provider.SessionScopeBuildActionExecuter.execute(SessionScopeBuildActionExecuter.java:68)
[2020-07-31 15:31:45] [build] [2020-07-31 15:31:45] [autobuild] 	at org.gradle.tooling.internal.provider.SessionScopeBuildActionExecuter.execute(SessionScopeBuildActionExecuter.java:38)
[2020-07-31 15:31:45] [build] [2020-07-31 15:31:45] [autobuild] 	at org.gradle.tooling.internal.provider.GradleThreadBuildActionExecuter.execute(GradleThreadBuildActionExecuter.java:37)
[2020-07-31 15:31:45] [build] [2020-07-31 15:31:45] [autobuild] 	at org.gradle.tooling.internal.provider.GradleThreadBuildActionExecuter.execute(GradleThreadBuildActionExecuter.java:26)
[2020-07-31 15:31:45] [build] [2020-07-31 15:31:45] [autobuild] 	at org.gradle.tooling.internal.provider.StartParamsValidatingActionExecuter.execute(StartParamsValidatingActionExecuter.java:60)
[2020-07-31 15:31:45] [build] [2020-07-31 15:31:45] [autobuild] 	at org.gradle.tooling.internal.provider.StartParamsValidatingActionExecuter.execute(StartParamsValidatingActionExecuter.java:32)
[2020-07-31 15:31:45] [build] [2020-07-31 15:31:45] [autobuild] 	at org.gradle.tooling.internal.provider.SessionFailureReportingActionExecuter.execute(SessionFailureReportingActionExecuter.java:56)
[2020-07-31 15:31:45] [build] [2020-07-31 15:31:45] [autobuild] 	at org.gradle.tooling.internal.provider.SessionFailureReportingActionExecuter.execute(SessionFailureReportingActionExecuter.java:42)
[2020-07-31 15:31:45] [build] [2020-07-31 15:31:45] [autobuild] 	at org.gradle.tooling.internal.provider.SetupLoggingActionExecuter.execute(SetupLoggingActionExecuter.java:48)
[2020-07-31 15:31:45] [build] [2020-07-31 15:31:45] [autobuild] 	at org.gradle.tooling.internal.provider.SetupLoggingActionExecuter.execute(SetupLoggingActionExecuter.java:32)
[2020-07-31 15:31:45] [build] [2020-07-31 15:31:45] [autobuild] 	at org.gradle.launcher.daemon.server.exec.ExecuteBuild.doBuild(ExecuteBuild.java:68)
[2020-07-31 15:31:45] [build] [2020-07-31 15:31:45] [autobuild] 	at org.gradle.launcher.daemon.server.exec.BuildCommandOnly.execute(BuildCommandOnly.java:37)
[2020-07-31 15:31:45] [build] [2020-07-31 15:31:45] [autobuild] 	at org.gradle.launcher.daemon.server.api.DaemonCommandExecution.proceed(DaemonCommandExecution.java:104)
[2020-07-31 15:31:45] [build] [2020-07-31 15:31:45] [autobuild] 	at org.gradle.launcher.daemon.server.exec.WatchForDisconnection.execute(WatchForDisconnection.java:39)
[2020-07-31 15:31:45] [build] [2020-07-31 15:31:45] [autobuild] 	at org.gradle.launcher.daemon.server.api.DaemonCommandExecution.proceed(DaemonCommandExecution.java:104)
[2020-07-31 15:31:45] [build] [2020-07-31 15:31:45] [autobuild] 	at org.gradle.launcher.daemon.server.exec.ResetDeprecationLogger.execute(ResetDeprecationLogger.java:29)
[2020-07-31 15:31:45] [build] [2020-07-31 15:31:45] [autobuild] 	at org.gradle.launcher.daemon.server.api.DaemonCommandExecution.proceed(DaemonCommandExecution.java:104)
[2020-07-31 15:31:45] [build] [2020-07-31 15:31:45] [autobuild] 	at org.gradle.launcher.daemon.server.exec.RequestStopIfSingleUsedDaemon.execute(RequestStopIfSingleUsedDaemon.java:35)
[2020-07-31 15:31:45] [build] [2020-07-31 15:31:45] [autobuild] 	at org.gradle.launcher.daemon.server.api.DaemonCommandExecution.proceed(DaemonCommandExecution.java:104)
[2020-07-31 15:31:45] [build] [2020-07-31 15:31:45] [autobuild] 	at org.gradle.launcher.daemon.server.exec.ForwardClientInput$2.create(ForwardClientInput.java:78)
[2020-07-31 15:31:45] [build] [2020-07-31 15:31:45] [autobuild] 	at org.gradle.launcher.daemon.server.exec.ForwardClientInput$2.create(ForwardClientInput.java:75)
[2020-07-31 15:31:45] [build] [2020-07-31 15:31:45] [autobuild] 	at org.gradle.util.Swapper.swap(Swapper.java:38)
[2020-07-31 15:31:45] [build] [2020-07-31 15:31:45] [autobuild] 	at org.gradle.launcher.daemon.server.exec.ForwardClientInput.execute(ForwardClientInput.java:75)
[2020-07-31 15:31:45] [build] [2020-07-31 15:31:45] [autobuild] 	at org.gradle.launcher.daemon.server.api.DaemonCommandExecution.proceed(DaemonCommandExecution.java:104)
[2020-07-31 15:31:45] [build] [2020-07-31 15:31:45] [autobuild] 	at org.gradle.launcher.daemon.server.exec.LogAndCheckHealth.execute(LogAndCheckHealth.java:50)
[2020-07-31 15:31:45] [build] [2020-07-31 15:31:45] [autobuild] 	at org.gradle.launcher.daemon.server.api.DaemonCommandExecution.proceed(DaemonCommandExecution.java:104)
[2020-07-31 15:31:45] [build] [2020-07-31 15:31:45] [autobuild] 	at org.gradle.launcher.daemon.server.exec.LogToClient.doBuild(LogToClient.java:63)
[2020-07-31 15:31:45] [build] [2020-07-31 15:31:45] [autobuild] 	at org.gradle.launcher.daemon.server.exec.BuildCommandOnly.execute(BuildCommandOnly.java:37)
[2020-07-31 15:31:45] [build] [2020-07-31 15:31:45] [autobuild] 	at org.gradle.launcher.daemon.server.api.DaemonCommandExecution.proceed(DaemonCommandExecution.java:104)
[2020-07-31 15:31:45] [build] [2020-07-31 15:31:45] [autobuild] 	at org.gradle.launcher.daemon.server.exec.EstablishBuildEnvironment.doBuild(EstablishBuildEnvironment.java:82)
[2020-07-31 15:31:45] [build] [2020-07-31 15:31:45] [autobuild] 	at org.gradle.launcher.daemon.server.exec.BuildCommandOnly.execute(BuildCommandOnly.java:37)
[2020-07-31 15:31:45] [build] [2020-07-31 15:31:45] [autobuild] 	at org.gradle.launcher.daemon.server.api.DaemonCommandExecution.proceed(DaemonCommandExecution.java:104)
[2020-07-31 15:31:45] [build] [2020-07-31 15:31:45] [autobuild] 	at org.gradle.launcher.daemon.server.exec.StartBuildOrRespondWithBusy$1.run(StartBuildOrRespondWithBusy.java:52)
[2020-07-31 15:31:45] [build] [2020-07-31 15:31:45] [autobuild] 	at org.gradle.launcher.daemon.server.DaemonStateCoordinator$1.run(DaemonStateCoordinator.java:297)
[2020-07-31 15:31:45] [build] [2020-07-31 15:31:45] [autobuild] 	at org.gradle.internal.concurrent.ExecutorPolicy$CatchAndRecordFailures.onExecute(ExecutorPolicy.java:64)
[2020-07-31 15:31:45] [build] [2020-07-31 15:31:45] [autobuild] 	at org.gradle.internal.concurrent.ManagedExecutorImpl$1.run(ManagedExecutorImpl.java:48)
[2020-07-31 15:31:45] [build] [2020-07-31 15:31:45] [autobuild] 	at java.util.concurrent.ThreadPoolExecutor.runWorker(ThreadPoolExecutor.java:1149)
[2020-07-31 15:31:45] [build] [2020-07-31 15:31:45] [autobuild] 	at java.util.concurrent.ThreadPoolExecutor$Worker.run(ThreadPoolExecutor.java:624)
[2020-07-31 15:31:45] [build] [2020-07-31 15:31:45] [autobuild] 	at org.gradle.internal.concurrent.ThreadFactoryImpl$ManagedThreadRunnable.run(ThreadFactoryImpl.java:56)
[2020-07-31 15:31:45] [build] [2020-07-31 15:31:45] [autobuild] 	at java.lang.Thread.run(Thread.java:748)
[2020-07-31 15:31:45] [build] [2020-07-31 15:31:45] [autobuild] Caused by: java.lang.IllegalArgumentException: Could not target platform: 'Java SE 11' using tool chain: 'JDK 8 (1.8)'.
[2020-07-31 15:31:45] [build] [2020-07-31 15:31:45] [autobuild] 	at org.gradle.api.internal.tasks.AbstractJavaToolChain$UnavailableToolProvider.newCompiler(AbstractJavaToolChain.java:108)
[2020-07-31 15:31:45] [build] [2020-07-31 15:31:45] [autobuild] 	at org.gradle.api.tasks.compile.JavaCompile.createCompiler(JavaCompile.java:267)
[2020-07-31 15:31:45] [build] [2020-07-31 15:31:45] [autobuild] 	at org.gradle.api.tasks.compile.JavaCompile.performIncrementalCompilation(JavaCompile.java:201)
[2020-07-31 15:31:45] [build] [2020-07-31 15:31:45] [autobuild] 	at org.gradle.api.tasks.compile.JavaCompile.compile(JavaCompile.java:183)
[2020-07-31 15:31:45] [build] [2020-07-31 15:31:45] [autobuild] 	at sun.reflect.NativeMethodAccessorImpl.invoke0(Native Method)
[2020-07-31 15:31:45] [build] [2020-07-31 15:31:45] [autobuild] 	at sun.reflect.NativeMethodAccessorImpl.invoke(NativeMethodAccessorImpl.java:62)
[2020-07-31 15:31:45] [build] [2020-07-31 15:31:45] [autobuild] 	at sun.reflect.DelegatingMethodAccessorImpl.invoke(DelegatingMethodAccessorImpl.java:43)
[2020-07-31 15:31:45] [build] [2020-07-31 15:31:45] [autobuild] 	at java.lang.reflect.Method.invoke(Method.java:498)
[2020-07-31 15:31:45] [build] [2020-07-31 15:31:45] [autobuild] 	at org.gradle.internal.reflect.JavaMethod.invoke(JavaMethod.java:104)
[2020-07-31 15:31:45] [build] [2020-07-31 15:31:45] [autobuild] 	at org.gradle.api.internal.project.taskfactory.IncrementalInputsTaskAction.doExecute(IncrementalInputsTaskAction.java:32)
[2020-07-31 15:31:45] [build] [2020-07-31 15:31:45] [autobuild] 	at org.gradle.api.internal.project.taskfactory.StandardTaskAction.execute(StandardTaskAction.java:42)
[2020-07-31 15:31:45] [build] [2020-07-31 15:31:45] [autobuild] 	at org.gradle.api.internal.project.taskfactory.AbstractIncrementalTaskAction.execute(AbstractIncrementalTaskAction.java:25)
[2020-07-31 15:31:45] [build] [2020-07-31 15:31:45] [autobuild] 	at org.gradle.api.internal.project.taskfactory.StandardTaskAction.execute(StandardTaskAction.java:28)
[2020-07-31 15:31:45] [build] [2020-07-31 15:31:45] [autobuild] 	at org.gradle.api.internal.tasks.execution.ExecuteActionsTaskExecuter$3.run(ExecuteActionsTaskExecuter.java:569)
[2020-07-31 15:31:45] [build] [2020-07-31 15:31:45] [autobuild] 	at org.gradle.internal.operations.DefaultBuildOperationExecutor$RunnableBuildOperationWorker.execute(DefaultBuildOperationExecutor.java:395)
[2020-07-31 15:31:45] [build] [2020-07-31 15:31:45] [autobuild] 	at org.gradle.internal.operations.DefaultBuildOperationExecutor$RunnableBuildOperationWorker.execute(DefaultBuildOperationExecutor.java:387)
[2020-07-31 15:31:45] [build] [2020-07-31 15:31:45] [autobuild] 	at org.gradle.internal.operations.DefaultBuildOperationExecutor$1.execute(DefaultBuildOperationExecutor.java:157)
[2020-07-31 15:31:45] [build] [2020-07-31 15:31:45] [autobuild] 	at org.gradle.internal.operations.DefaultBuildOperationExecutor.execute(DefaultBuildOperationExecutor.java:242)
[2020-07-31 15:31:45] [build] [2020-07-31 15:31:45] [autobuild] 	at org.gradle.internal.operations.DefaultBuildOperationExecutor.execute(DefaultBuildOperationExecutor.java:150)
[2020-07-31 15:31:45] [build] [2020-07-31 15:31:45] [autobuild] 	at org.gradle.internal.operations.DefaultBuildOperationExecutor.run(DefaultBuildOperationExecutor.java:84)
[2020-07-31 15:31:45] [build] [2020-07-31 15:31:45] [autobuild] 	at org.gradle.internal.operations.DelegatingBuildOperationExecutor.run(DelegatingBuildOperationExecutor.java:31)
[2020-07-31 15:31:45] [build] [2020-07-31 15:31:45] [autobuild] 	at org.gradle.api.internal.tasks.execution.ExecuteActionsTaskExecuter.executeAction(ExecuteActionsTaskExecuter.java:554)
[2020-07-31 15:31:45] [build] [2020-07-31 15:31:45] [autobuild] 	at org.gradle.api.internal.tasks.execution.ExecuteActionsTaskExecuter.executeActions(ExecuteActionsTaskExecuter.java:537)
[2020-07-31 15:31:45] [build] [2020-07-31 15:31:45] [autobuild] 	at org.gradle.api.internal.tasks.execution.ExecuteActionsTaskExecuter.access$300(ExecuteActionsTaskExecuter.java:108)
[2020-07-31 15:31:45] [build] [2020-07-31 15:31:45] [autobuild] 	at org.gradle.api.internal.tasks.execution.ExecuteActionsTaskExecuter$TaskExecution.executeWithPreviousOutputFiles(ExecuteActionsTaskExecuter.java:278)
[2020-07-31 15:31:45] [build] [2020-07-31 15:31:45] [autobuild] 	at org.gradle.api.internal.tasks.execution.ExecuteActionsTaskExecuter$TaskExecution.execute(ExecuteActionsTaskExecuter.java:267)
[2020-07-31 15:31:45] [build] [2020-07-31 15:31:45] [autobuild] 	at org.gradle.internal.execution.steps.ExecuteStep.lambda$execute$0(ExecuteStep.java:32)
[2020-07-31 15:31:45] [build] [2020-07-31 15:31:45] [autobuild] 	at java.util.Optional.map(Optional.java:215)
[2020-07-31 15:31:45] [build] [2020-07-31 15:31:45] [autobuild] 	at org.gradle.internal.execution.steps.ExecuteStep.execute(ExecuteStep.java:32)
[2020-07-31 15:31:45] [build] [2020-07-31 15:31:45] [autobuild] 	at org.gradle.internal.execution.steps.ExecuteStep.execute(ExecuteStep.java:26)
[2020-07-31 15:31:45] [build] [2020-07-31 15:31:45] [autobuild] 	at org.gradle.internal.execution.steps.CleanupOutputsStep.execute(CleanupOutputsStep.java:67)
[2020-07-31 15:31:45] [build] [2020-07-31 15:31:45] [autobuild] 	at org.gradle.internal.execution.steps.CleanupOutputsStep.execute(CleanupOutputsStep.java:36)
[2020-07-31 15:31:45] [build] [2020-07-31 15:31:45] [autobuild] 	at org.gradle.internal.execution.steps.ResolveInputChangesStep.execute(ResolveInputChangesStep.java:49)
[2020-07-31 15:31:45] [build] [2020-07-31 15:31:45] [autobuild] 	at org.gradle.internal.execution.steps.ResolveInputChangesStep.execute(ResolveInputChangesStep.java:34)
[2020-07-31 15:31:45] [build] [2020-07-31 15:31:45] [autobuild] 	at org.gradle.internal.execution.steps.CancelExecutionStep.execute(CancelExecutionStep.java:43)
[2020-07-31 15:31:45] [build] [2020-07-31 15:31:45] [autobuild] 	at org.gradle.internal.execution.steps.TimeoutStep.executeWithoutTimeout(TimeoutStep.java:73)
[2020-07-31 15:31:45] [build] [2020-07-31 15:31:45] [autobuild] 	at org.gradle.internal.execution.steps.TimeoutStep.execute(TimeoutStep.java:54)
[2020-07-31 15:31:45] [build] [2020-07-31 15:31:45] [autobuild] 	at org.gradle.internal.execution.steps.CatchExceptionStep.execute(CatchExceptionStep.java:34)
[2020-07-31 15:31:45] [build] [2020-07-31 15:31:45] [autobuild] 	at org.gradle.internal.execution.steps.CreateOutputsStep.execute(CreateOutputsStep.java:44)
[2020-07-31 15:31:45] [build] [2020-07-31 15:31:45] [autobuild] 	at org.gradle.internal.execution.steps.SnapshotOutputsStep.execute(SnapshotOutputsStep.java:54)
[2020-07-31 15:31:45] [build] [2020-07-31 15:31:45] [autobuild] 	at org.gradle.internal.execution.steps.SnapshotOutputsStep.execute(SnapshotOutputsStep.java:38)
[2020-07-31 15:31:45] [build] [2020-07-31 15:31:45] [autobuild] 	at org.gradle.internal.execution.steps.BroadcastChangingOutputsStep.execute(BroadcastChangingOutputsStep.java:49)
[2020-07-31 15:31:45] [build] [2020-07-31 15:31:45] [autobuild] 	at org.gradle.internal.execution.steps.CacheStep.executeWithoutCache(CacheStep.java:159)
[2020-07-31 15:31:45] [build] [2020-07-31 15:31:45] [autobuild] 	at org.gradle.internal.execution.steps.CacheStep.execute(CacheStep.java:72)
[2020-07-31 15:31:45] [build] [2020-07-31 15:31:45] [autobuild] 	at org.gradle.internal.execution.steps.CacheStep.execute(CacheStep.java:43)
[2020-07-31 15:31:45] [build] [2020-07-31 15:31:45] [autobuild] 	at org.gradle.internal.execution.steps.StoreExecutionStateStep.execute(StoreExecutionStateStep.java:44)
[2020-07-31 15:31:45] [build] [2020-07-31 15:31:45] [autobuild] 	at org.gradle.internal.execution.steps.StoreExecutionStateStep.execute(StoreExecutionStateStep.java:33)
[2020-07-31 15:31:45] [build] [2020-07-31 15:31:45] [autobuild] 	at org.gradle.internal.execution.steps.RecordOutputsStep.execute(RecordOutputsStep.java:38)
[2020-07-31 15:31:45] [build] [2020-07-31 15:31:45] [autobuild] 	at org.gradle.internal.execution.steps.RecordOutputsStep.execute(RecordOutputsStep.java:24)
[2020-07-31 15:31:45] [build] [2020-07-31 15:31:45] [autobuild] 	at org.gradle.internal.execution.steps.SkipUpToDateStep.executeBecause(SkipUpToDateStep.java:92)
[2020-07-31 15:31:45] [build] [2020-07-31 15:31:45] [autobuild] 	at org.gradle.internal.execution.steps.SkipUpToDateStep.lambda$execute$0(SkipUpToDateStep.java:85)
[2020-07-31 15:31:45] [build] [2020-07-31 15:31:45] [autobuild] 	at java.util.Optional.map(Optional.java:215)
[2020-07-31 15:31:45] [build] [2020-07-31 15:31:45] [autobuild] 	at org.gradle.internal.execution.steps.SkipUpToDateStep.execute(SkipUpToDateStep.java:55)
[2020-07-31 15:31:45] [build] [2020-07-31 15:31:45] [autobuild] 	at org.gradle.internal.execution.steps.SkipUpToDateStep.execute(SkipUpToDateStep.java:39)
[2020-07-31 15:31:45] [build] [2020-07-31 15:31:45] [autobuild] 	at org.gradle.internal.execution.steps.ResolveChangesStep.execute(ResolveChangesStep.java:76)
[2020-07-31 15:31:45] [build] [2020-07-31 15:31:45] [autobuild] 	at org.gradle.internal.execution.steps.ResolveChangesStep.execute(ResolveChangesStep.java:37)
[2020-07-31 15:31:45] [build] [2020-07-31 15:31:45] [autobuild] 	at org.gradle.internal.execution.steps.legacy.MarkSnapshottingInputsFinishedStep.execute(MarkSnapshottingInputsFinishedStep.java:36)
[2020-07-31 15:31:45] [build] [2020-07-31 15:31:45] [autobuild] 	at org.gradle.internal.execution.steps.legacy.MarkSnapshottingInputsFinishedStep.execute(MarkSnapshottingInputsFinishedStep.java:26)
[2020-07-31 15:31:45] [build] [2020-07-31 15:31:45] [autobuild] 	at org.gradle.internal.execution.steps.ResolveCachingStateStep.execute(ResolveCachingStateStep.java:94)
[2020-07-31 15:31:45] [build] [2020-07-31 15:31:45] [autobuild] 	at org.gradle.internal.execution.steps.ResolveCachingStateStep.execute(ResolveCachingStateStep.java:49)
[2020-07-31 15:31:45] [build] [2020-07-31 15:31:45] [autobuild] 	at org.gradle.internal.execution.steps.CaptureStateBeforeExecutionStep.execute(CaptureStateBeforeExecutionStep.java:79)
[2020-07-31 15:31:45] [build] [2020-07-31 15:31:45] [autobuild] 	at org.gradle.internal.execution.steps.CaptureStateBeforeExecutionStep.execute(CaptureStateBeforeExecutionStep.java:53)
[2020-07-31 15:31:45] [build] [2020-07-31 15:31:45] [autobuild] 	at org.gradle.internal.execution.steps.ValidateStep.execute(ValidateStep.java:74)
[2020-07-31 15:31:45] [build] [2020-07-31 15:31:45] [autobuild] 	at org.gradle.internal.execution.steps.SkipEmptyWorkStep.lambda$execute$2(SkipEmptyWorkStep.java:78)
[2020-07-31 15:31:45] [build] [2020-07-31 15:31:45] [autobuild] 	at java.util.Optional.orElseGet(Optional.java:267)
[2020-07-31 15:31:45] [build] [2020-07-31 15:31:45] [autobuild] 	at org.gradle.internal.execution.steps.SkipEmptyWorkStep.execute(SkipEmptyWorkStep.java:78)
[2020-07-31 15:31:45] [build] [2020-07-31 15:31:45] [autobuild] 	at org.gradle.internal.execution.steps.SkipEmptyWorkStep.execute(SkipEmptyWorkStep.java:34)
[2020-07-31 15:31:45] [build] [2020-07-31 15:31:45] [autobuild] 	at org.gradle.internal.execution.steps.legacy.MarkSnapshottingInputsStartedStep.execute(MarkSnapshottingInputsStartedStep.java:39)
[2020-07-31 15:31:45] [build] [2020-07-31 15:31:45] [autobuild] 	at org.gradle.internal.execution.steps.LoadExecutionStateStep.execute(LoadExecutionStateStep.java:40)
[2020-07-31 15:31:45] [build] [2020-07-31 15:31:45] [autobuild] 	at org.gradle.internal.execution.steps.LoadExecutionStateStep.execute(LoadExecutionStateStep.java:28)
[2020-07-31 15:31:45] [build] [2020-07-31 15:31:45] [autobuild] 	at org.gradle.internal.execution.impl.DefaultWorkExecutor.execute(DefaultWorkExecutor.java:33)
[2020-07-31 15:31:45] [build] [2020-07-31 15:31:45] [autobuild] 	at org.gradle.api.internal.tasks.execution.ExecuteActionsTaskExecuter.executeIfValid(ExecuteActionsTaskExecuter.java:194)
[2020-07-31 15:31:45] [build] [2020-07-31 15:31:45] [autobuild] 	at org.gradle.api.internal.tasks.execution.ExecuteActionsTaskExecuter.execute(ExecuteActionsTaskExecuter.java:186)
[2020-07-31 15:31:45] [build] [2020-07-31 15:31:45] [autobuild] 	at org.gradle.api.internal.tasks.execution.CleanupStaleOutputsExecuter.execute(CleanupStaleOutputsExecuter.java:114)
[2020-07-31 15:31:45] [build] [2020-07-31 15:31:45] [autobuild] 	at org.gradle.api.internal.tasks.execution.FinalizePropertiesTaskExecuter.execute(FinalizePropertiesTaskExecuter.java:46)
[2020-07-31 15:31:45] [build] [2020-07-31 15:31:45] [autobuild] 	at org.gradle.api.internal.tasks.execution.ResolveTaskExecutionModeExecuter.execute(ResolveTaskExecutionModeExecuter.java:62)
[2020-07-31 15:31:45] [build] [2020-07-31 15:31:45] [autobuild] 	at org.gradle.api.internal.tasks.execution.SkipTaskWithNoActionsExecuter.execute(SkipTaskWithNoActionsExecuter.java:57)
[2020-07-31 15:31:45] [build] [2020-07-31 15:31:45] [autobuild] 	at org.gradle.api.internal.tasks.execution.SkipOnlyIfTaskExecuter.execute(SkipOnlyIfTaskExecuter.java:56)
[2020-07-31 15:31:45] [build] [2020-07-31 15:31:45] [autobuild] Deprecated Gradle features were used in this build, making it incompatible with Gradle 7.0.
[2020-07-31 15:31:45] [build] [2020-07-31 15:31:45] [autobuild] Use '--warning-mode all' to show the individual deprecation warnings.
[2020-07-31 15:31:45] [build] [2020-07-31 15:31:45] [autobuild] See https://docs.gradle.org/6.5.1/userguide/command_line_interface.html#sec:command_line_warnings
[2020-07-31 15:31:45] [build] [2020-07-31 15:31:45] [autobuild] 1 actionable task: 1 executed
[2020-07-31 15:31:45] [build] [2020-07-31 15:31:45] [autobuild] 	at org.gradle.api.internal.tasks.execution.CatchExceptionTaskExecuter.execute(CatchExceptionTaskExecuter.java:36)
[2020-07-31 15:31:45] [build] [2020-07-31 15:31:45] [autobuild] 	at org.gradle.api.internal.tasks.execution.EventFiringTaskExecuter$1.executeTask(EventFiringTaskExecuter.java:77)
[2020-07-31 15:31:45] [build] [2020-07-31 15:31:45] [autobuild] 	at org.gradle.api.internal.tasks.execution.EventFiringTaskExecuter$1.call(EventFiringTaskExecuter.java:55)
[2020-07-31 15:31:45] [build] [2020-07-31 15:31:45] [autobuild] 	at org.gradle.api.internal.tasks.execution.EventFiringTaskExecuter$1.call(EventFiringTaskExecuter.java:52)
[2020-07-31 15:31:45] [build] [2020-07-31 15:31:45] [autobuild] 	at org.gradle.internal.operations.DefaultBuildOperationExecutor$CallableBuildOperationWorker.execute(DefaultBuildOperationExecutor.java:409)
[2020-07-31 15:31:45] [build] [2020-07-31 15:31:45] [autobuild] 	at org.gradle.internal.operations.DefaultBuildOperationExecutor$CallableBuildOperationWorker.execute(DefaultBuildOperationExecutor.java:399)
[2020-07-31 15:31:45] [build] [2020-07-31 15:31:45] [autobuild] 	at org.gradle.internal.operations.DefaultBuildOperationExecutor$1.execute(DefaultBuildOperationExecutor.java:157)
[2020-07-31 15:31:45] [build] [2020-07-31 15:31:45] [autobuild] 	at org.gradle.internal.operations.DefaultBuildOperationExecutor.execute(DefaultBuildOperationExecutor.java:242)
[2020-07-31 15:31:45] [build] [2020-07-31 15:31:45] [autobuild] 	at org.gradle.internal.operations.DefaultBuildOperationExecutor.execute(DefaultBuildOperationExecutor.java:150)
[2020-07-31 15:31:45] [build] [2020-07-31 15:31:45] [autobuild] 	at org.gradle.internal.operations.DefaultBuildOperationExecutor.call(DefaultBuildOperationExecutor.java:94)
[2020-07-31 15:31:45] [build] [2020-07-31 15:31:45] [autobuild] 	at org.gradle.internal.operations.DelegatingBuildOperationExecutor.call(DelegatingBuildOperationExecutor.java:36)
[2020-07-31 15:31:45] [build] [2020-07-31 15:31:45] [autobuild] 	at org.gradle.api.internal.tasks.execution.EventFiringTaskExecuter.execute(EventFiringTaskExecuter.java:52)
[2020-07-31 15:31:45] [build] [2020-07-31 15:31:45] [autobuild] 	at org.gradle.execution.plan.LocalTaskNodeExecutor.execute(LocalTaskNodeExecutor.java:41)
[2020-07-31 15:31:45] [build] [2020-07-31 15:31:45] [autobuild] 	at org.gradle.execution.taskgraph.DefaultTaskExecutionGraph$InvokeNodeExecutorsAction.execute(DefaultTaskExecutionGraph.java:356)
[2020-07-31 15:31:45] [build] [2020-07-31 15:31:45] [autobuild] 	at org.gradle.execution.taskgraph.DefaultTaskExecutionGraph$InvokeNodeExecutorsAction.execute(DefaultTaskExecutionGraph.java:343)
[2020-07-31 15:31:45] [build] [2020-07-31 15:31:45] [autobuild] 	at org.gradle.execution.taskgraph.DefaultTaskExecutionGraph$BuildOperationAwareExecutionAction.execute(DefaultTaskExecutionGraph.java:336)
[2020-07-31 15:31:45] [build] [2020-07-31 15:31:45] [autobuild] 	at org.gradle.execution.taskgraph.DefaultTaskExecutionGraph$BuildOperationAwareExecutionAction.execute(DefaultTaskExecutionGraph.java:322)
[2020-07-31 15:31:45] [build] [2020-07-31 15:31:45] [autobuild] 	at org.gradle.execution.plan.DefaultPlanExecutor$ExecutorWorker.lambda$run$0(DefaultPlanExecutor.java:127)
[2020-07-31 15:31:45] [build] [2020-07-31 15:31:45] [autobuild] 	at org.gradle.execution.plan.DefaultPlanExecutor$ExecutorWorker.execute(DefaultPlanExecutor.java:191)
[2020-07-31 15:31:45] [build] [2020-07-31 15:31:45] [autobuild] 	at org.gradle.execution.plan.DefaultPlanExecutor$ExecutorWorker.executeNextNode(DefaultPlanExecutor.java:182)
[2020-07-31 15:31:45] [build] [2020-07-31 15:31:45] [autobuild] 	at org.gradle.execution.plan.DefaultPlanExecutor$ExecutorWorker.run(DefaultPlanExecutor.java:124)
[2020-07-31 15:31:45] [build] [2020-07-31 15:31:45] [autobuild] 	at org.gradle.execution.plan.DefaultPlanExecutor.process(DefaultPlanExecutor.java:72)
[2020-07-31 15:31:45] [build] [2020-07-31 15:31:45] [autobuild] 	at org.gradle.execution.taskgraph.DefaultTaskExecutionGraph.executeWithServices(DefaultTaskExecutionGraph.java:181)
[2020-07-31 15:31:45] [build] [2020-07-31 15:31:45] [autobuild] 	at org.gradle.execution.taskgraph.DefaultTaskExecutionGraph.execute(DefaultTaskExecutionGraph.java:174)
[2020-07-31 15:31:45] [build] [2020-07-31 15:31:45] [autobuild] 	at org.gradle.execution.SelectedTaskExecutionAction.execute(SelectedTaskExecutionAction.java:39)
[2020-07-31 15:31:45] [build] [2020-07-31 15:31:45] [autobuild] 	at org.gradle.execution.DefaultBuildWorkExecutor.execute(DefaultBuildWorkExecutor.java:40)
[2020-07-31 15:31:45] [build] [2020-07-31 15:31:45] [autobuild] 	at org.gradle.execution.DefaultBuildWorkExecutor.access$000(DefaultBuildWorkExecutor.java:24)
[2020-07-31 15:31:45] [build] [2020-07-31 15:31:45] [autobuild] 	at org.gradle.execution.DefaultBuildWorkExecutor$1.proceed(DefaultBuildWorkExecutor.java:48)
[2020-07-31 15:31:45] [build] [2020-07-31 15:31:45] [autobuild] 	at org.gradle.execution.DryRunBuildExecutionAction.execute(DryRunBuildExecutionAction.java:49)
[2020-07-31 15:31:45] [build] [2020-07-31 15:31:45] [autobuild] 	at org.gradle.execution.DefaultBuildWorkExecutor.execute(DefaultBuildWorkExecutor.java:40)
[2020-07-31 15:31:45] [build] [2020-07-31 15:31:45] [autobuild] 	at org.gradle.execution.DefaultBuildWorkExecutor.execute(DefaultBuildWorkExecutor.java:33)
[2020-07-31 15:31:45] [build] [2020-07-31 15:31:45] [autobuild] 	at org.gradle.execution.IncludedBuildLifecycleBuildWorkExecutor.execute(IncludedBuildLifecycleBuildWorkExecutor.java:36)
[2020-07-31 15:31:45] [build] [2020-07-31 15:31:45] [autobuild] 	at org.gradle.execution.DeprecateUndefinedBuildWorkExecutor.execute(DeprecateUndefinedBuildWorkExecutor.java:42)
[2020-07-31 15:31:45] [build] [2020-07-31 15:31:45] [autobuild] 	at org.gradle.execution.BuildOperationFiringBuildWorkerExecutor$ExecuteTasks.run(BuildOperationFiringBuildWorkerExecutor.java:57)
[2020-07-31 15:31:45] [build] [2020-07-31 15:31:45] [autobuild] 	at org.gradle.internal.operations.DefaultBuildOperationExecutor$RunnableBuildOperationWorker.execute(DefaultBuildOperationExecutor.java:395)
[2020-07-31 15:31:45] [build] [2020-07-31 15:31:45] [autobuild] 	at org.gradle.internal.operations.DefaultBuildOperationExecutor$RunnableBuildOperationWorker.execute(DefaultBuildOperationExecutor.java:387)
[2020-07-31 15:31:45] [build] [2020-07-31 15:31:45] [autobuild] 	at org.gradle.internal.operations.DefaultBuildOperationExecutor$1.execute(DefaultBuildOperationExecutor.java:157)
[2020-07-31 15:31:45] [build] [2020-07-31 15:31:45] [autobuild] 	at org.gradle.internal.operations.DefaultBuildOperationExecutor.execute(DefaultBuildOperationExecutor.java:242)
[2020-07-31 15:31:45] [build] [2020-07-31 15:31:45] [autobuild] 	at org.gradle.internal.operations.DefaultBuildOperationExecutor.execute(DefaultBuildOperationExecutor.java:150)
[2020-07-31 15:31:45] [build] [2020-07-31 15:31:45] [autobuild] 	at org.gradle.internal.operations.DefaultBuildOperationExecutor.run(DefaultBuildOperationExecutor.java:84)
[2020-07-31 15:31:45] [build] [2020-07-31 15:31:45] [autobuild] 	at org.gradle.internal.operations.DelegatingBuildOperationExecutor.run(DelegatingBuildOperationExecutor.java:31)
[2020-07-31 15:31:45] [build] [2020-07-31 15:31:45] [autobuild] 	at org.gradle.execution.BuildOperationFiringBuildWorkerExecutor.execute(BuildOperationFiringBuildWorkerExecutor.java:42)
[2020-07-31 15:31:45] [build] [2020-07-31 15:31:45] [autobuild] 	at org.gradle.initialization.DefaultGradleLauncher.runWork(DefaultGradleLauncher.java:257)
[2020-07-31 15:31:45] [build] [2020-07-31 15:31:45] [autobuild] 	at org.gradle.initialization.DefaultGradleLauncher.doClassicBuildStages(DefaultGradleLauncher.java:164)
[2020-07-31 15:31:45] [build] [2020-07-31 15:31:45] [autobuild] 	at org.gradle.initialization.DefaultGradleLauncher.doBuildStages(DefaultGradleLauncher.java:140)
[2020-07-31 15:31:45] [build] [2020-07-31 15:31:45] [autobuild] 	at org.gradle.initialization.DefaultGradleLauncher.executeTasks(DefaultGradleLauncher.java:120)
[2020-07-31 15:31:45] [build] [2020-07-31 15:31:45] [autobuild] 	at org.gradle.internal.invocation.GradleBuildController$1.create(GradleBuildController.java:74)
[2020-07-31 15:31:45] [build] [2020-07-31 15:31:45] [autobuild] 	at org.gradle.internal.invocation.GradleBuildController$1.create(GradleBuildController.java:67)
[2020-07-31 15:31:45] [build] [2020-07-31 15:31:45] [autobuild] 	at org.gradle.internal.work.DefaultWorkerLeaseService.withLocks(DefaultWorkerLeaseService.java:180)
[2020-07-31 15:31:45] [build] [2020-07-31 15:31:45] [autobuild] 	at org.gradle.internal.work.StopShieldingWorkerLeaseService.withLocks(StopShieldingWorkerLeaseService.java:40)
[2020-07-31 15:31:45] [build] [2020-07-31 15:31:45] [autobuild] 	at org.gradle.internal.invocation.GradleBuildController.doBuild(GradleBuildController.java:67)
[2020-07-31 15:31:45] [build] [2020-07-31 15:31:45] [autobuild] 	at org.gradle.internal.invocation.GradleBuildController.run(GradleBuildController.java:56)
[2020-07-31 15:31:45] [build] [2020-07-31 15:31:45] [autobuild] 	at org.gradle.tooling.internal.provider.ExecuteBuildActionRunner.run(ExecuteBuildActionRunner.java:31)
[2020-07-31 15:31:45] [build] [2020-07-31 15:31:45] [autobuild] 	at org.gradle.launcher.exec.ChainingBuildActionRunner.run(ChainingBuildActionRunner.java:35)
[2020-07-31 15:31:45] [build] [2020-07-31 15:31:45] [autobuild] 	at org.gradle.launcher.exec.BuildOutcomeReportingBuildActionRunner.run(BuildOutcomeReportingBuildActionRunner.java:63)
[2020-07-31 15:31:45] [build] [2020-07-31 15:31:45] [autobuild] 	at org.gradle.tooling.internal.provider.ValidatingBuildActionRunner.run(ValidatingBuildActionRunner.java:32)
[2020-07-31 15:31:45] [build] [2020-07-31 15:31:45] [autobuild] 	at org.gradle.launcher.exec.BuildCompletionNotifyingBuildActionRunner.run(BuildCompletionNotifyingBuildActionRunner.java:39)
[2020-07-31 15:31:45] [build] [2020-07-31 15:31:45] [autobuild] 	at org.gradle.launcher.exec.RunAsBuildOperationBuildActionRunner$3.call(RunAsBuildOperationBuildActionRunner.java:51)
[2020-07-31 15:31:45] [build] [2020-07-31 15:31:45] [autobuild] 	at org.gradle.launcher.exec.RunAsBuildOperationBuildActionRunner$3.call(RunAsBuildOperationBuildActionRunner.java:45)
[2020-07-31 15:31:45] [build] [2020-07-31 15:31:45] [autobuild] 	at org.gradle.internal.operations.DefaultBuildOperationExecutor$CallableBuildOperationWorker.execute(DefaultBuildOperationExecutor.java:409)
[2020-07-31 15:31:45] [build] [2020-07-31 15:31:45] [autobuild] 	at org.gradle.internal.operations.DefaultBuildOperationExecutor$CallableBuildOperationWorker.execute(DefaultBuildOperationExecutor.java:399)
[2020-07-31 15:31:45] [build] [2020-07-31 15:31:45] [autobuild] 	at org.gradle.internal.operations.DefaultBuildOperationExecutor$1.execute(DefaultBuildOperationExecutor.java:157)
[2020-07-31 15:31:45] [build] [2020-07-31 15:31:45] [autobuild] 	at org.gradle.internal.operations.DefaultBuildOperationExecutor.execute(DefaultBuildOperationExecutor.java:242)
[2020-07-31 15:31:45] [build] [2020-07-31 15:31:45] [autobuild] 	at org.gradle.internal.operations.DefaultBuildOperationExecutor.execute(DefaultBuildOperationExecutor.java:150)
[2020-07-31 15:31:45] [build] [2020-07-31 15:31:45] [autobuild] 	at org.gradle.internal.operations.DefaultBuildOperationExecutor.call(DefaultBuildOperationExecutor.java:94)
[2020-07-31 15:31:45] [build] [2020-07-31 15:31:45] [autobuild] 	at org.gradle.internal.operations.DelegatingBuildOperationExecutor.call(DelegatingBuildOperationExecutor.java:36)
[2020-07-31 15:31:45] [build] [2020-07-31 15:31:45] [autobuild] 	at org.gradle.launcher.exec.RunAsBuildOperationBuildActionRunner.run(RunAsBuildOperationBuildActionRunner.java:45)
[2020-07-31 15:31:45] [build] [2020-07-31 15:31:45] [autobuild] 	at org.gradle.launcher.exec.InProcessBuildActionExecuter$1.transform(InProcessBuildActionExecuter.java:50)
[2020-07-31 15:31:45] [build] [2020-07-31 15:31:45] [autobuild] 	at org.gradle.launcher.exec.InProcessBuildActionExecuter$1.transform(InProcessBuildActionExecuter.java:47)
[2020-07-31 15:31:45] [build] [2020-07-31 15:31:45] [autobuild] 	at org.gradle.composite.internal.DefaultRootBuildState.run(DefaultRootBuildState.java:80)
[2020-07-31 15:31:45] [build] [2020-07-31 15:31:45] [autobuild] 	at org.gradle.launcher.exec.InProcessBuildActionExecuter.execute(InProcessBuildActionExecuter.java:47)
[2020-07-31 15:31:45] [build] [2020-07-31 15:31:45] [autobuild] 	at org.gradle.launcher.exec.InProcessBuildActionExecuter.execute(InProcessBuildActionExecuter.java:31)
[2020-07-31 15:31:45] [build] [2020-07-31 15:31:45] [autobuild] 	at org.gradle.launcher.exec.BuildTreeScopeBuildActionExecuter.execute(BuildTreeScopeBuildActionExecuter.java:42)
[2020-07-31 15:31:45] [build] [2020-07-31 15:31:45] [autobuild] 	at org.gradle.launcher.exec.BuildTreeScopeBuildActionExecuter.execute(BuildTreeScopeBuildActionExecuter.java:28)
[2020-07-31 15:31:45] [build] [2020-07-31 15:31:45] [autobuild] 	at org.gradle.tooling.internal.provider.ContinuousBuildActionExecuter.execute(ContinuousBuildActionExecuter.java:87)
[2020-07-31 15:31:45] [build] [2020-07-31 15:31:45] [autobuild] 	at org.gradle.tooling.internal.provider.ContinuousBuildActionExecuter.execute(ContinuousBuildActionExecuter.java:55)
[2020-07-31 15:31:45] [build] [2020-07-31 15:31:45] [autobuild] 	at org.gradle.tooling.internal.provider.SubscribableBuildActionExecuter.execute(SubscribableBuildActionExecuter.java:60)
[2020-07-31 15:31:45] [build] [2020-07-31 15:31:45] [autobuild] 	at org.gradle.tooling.internal.provider.SubscribableBuildActionExecuter.execute(SubscribableBuildActionExecuter.java:38)
[2020-07-31 15:31:45] [build] [2020-07-31 15:31:45] [autobuild] 	at org.gradle.tooling.internal.provider.SessionScopeBuildActionExecuter.execute(SessionScopeBuildActionExecuter.java:68)
[2020-07-31 15:31:45] [build] [2020-07-31 15:31:45] [autobuild] 	at org.gradle.tooling.internal.provider.SessionScopeBuildActionExecuter.execute(SessionScopeBuildActionExecuter.java:38)
[2020-07-31 15:31:45] [build] [2020-07-31 15:31:45] [autobuild] 	at org.gradle.tooling.internal.provider.GradleThreadBuildActionExecuter.execute(GradleThreadBuildActionExecuter.java:37)
[2020-07-31 15:31:45] [build] [2020-07-31 15:31:45] [autobuild] 	at org.gradle.tooling.internal.provider.GradleThreadBuildActionExecuter.execute(GradleThreadBuildActionExecuter.java:26)
[2020-07-31 15:31:45] [build] [2020-07-31 15:31:45] [autobuild] 	at org.gradle.tooling.internal.provider.StartParamsValidatingActionExecuter.execute(StartParamsValidatingActionExecuter.java:60)
[2020-07-31 15:31:45] [build] [2020-07-31 15:31:45] [autobuild] 	at org.gradle.tooling.internal.provider.StartParamsValidatingActionExecuter.execute(StartParamsValidatingActionExecuter.java:32)
[2020-07-31 15:31:45] [build] [2020-07-31 15:31:45] [autobuild] 	at org.gradle.tooling.internal.provider.SessionFailureReportingActionExecuter.execute(SessionFailureReportingActionExecuter.java:56)
[2020-07-31 15:31:45] [build] [2020-07-31 15:31:45] [autobuild] 	at org.gradle.tooling.internal.provider.SessionFailureReportingActionExecuter.execute(SessionFailureReportingActionExecuter.java:42)
[2020-07-31 15:31:45] [build] [2020-07-31 15:31:45] [autobuild] 	at org.gradle.tooling.internal.provider.SetupLoggingActionExecuter.execute(SetupLoggingActionExecuter.java:48)
[2020-07-31 15:31:45] [build] [2020-07-31 15:31:45] [autobuild] 	at org.gradle.tooling.internal.provider.SetupLoggingActionExecuter.execute(SetupLoggingActionExecuter.java:32)
[2020-07-31 15:31:45] [build] [2020-07-31 15:31:45] [autobuild] 	at org.gradle.launcher.daemon.server.exec.ExecuteBuild.doBuild(ExecuteBuild.java:68)
[2020-07-31 15:31:45] [build] [2020-07-31 15:31:45] [autobuild] 	at org.gradle.launcher.daemon.server.exec.BuildCommandOnly.execute(BuildCommandOnly.java:37)
[2020-07-31 15:31:45] [build] [2020-07-31 15:31:45] [autobuild] 	at org.gradle.launcher.daemon.server.api.DaemonCommandExecution.proceed(DaemonCommandExecution.java:104)
[2020-07-31 15:31:45] [build] [2020-07-31 15:31:45] [autobuild] 	at org.gradle.launcher.daemon.server.exec.WatchForDisconnection.execute(WatchForDisconnection.java:39)
[2020-07-31 15:31:45] [build] [2020-07-31 15:31:45] [autobuild] 	at org.gradle.launcher.daemon.server.api.DaemonCommandExecution.proceed(DaemonCommandExecution.java:104)
[2020-07-31 15:31:45] [build] [2020-07-31 15:31:45] [autobuild] 	at org.gradle.launcher.daemon.server.exec.ResetDeprecationLogger.execute(ResetDeprecationLogger.java:29)
[2020-07-31 15:31:45] [build] [2020-07-31 15:31:45] [autobuild] 	at org.gradle.launcher.daemon.server.api.DaemonCommandExecution.proceed(DaemonCommandExecution.java:104)
[2020-07-31 15:31:45] [build] [2020-07-31 15:31:45] [autobuild] 	at org.gradle.launcher.daemon.server.exec.RequestStopIfSingleUsedDaemon.execute(RequestStopIfSingleUsedDaemon.java:35)
[2020-07-31 15:31:45] [build] [2020-07-31 15:31:45] [autobuild] 	at org.gradle.launcher.daemon.server.api.DaemonCommandExecution.proceed(DaemonCommandExecution.java:104)
[2020-07-31 15:31:45] [build] [2020-07-31 15:31:45] [autobuild] 	at org.gradle.launcher.daemon.server.exec.ForwardClientInput$2.create(ForwardClientInput.java:78)
[2020-07-31 15:31:45] [build] [2020-07-31 15:31:45] [autobuild] 	at org.gradle.launcher.daemon.server.exec.ForwardClientInput$2.create(ForwardClientInput.java:75)
[2020-07-31 15:31:45] [build] [2020-07-31 15:31:45] [autobuild] 	at org.gradle.util.Swapper.swap(Swapper.java:38)
[2020-07-31 15:31:45] [build] [2020-07-31 15:31:45] [autobuild] 	at org.gradle.launcher.daemon.server.exec.ForwardClientInput.execute(ForwardClientInput.java:75)
[2020-07-31 15:31:45] [build] [2020-07-31 15:31:45] [autobuild] 	at org.gradle.launcher.daemon.server.api.DaemonCommandExecution.proceed(DaemonCommandExecution.java:104)
[2020-07-31 15:31:45] [build] [2020-07-31 15:31:45] [autobuild] 	at org.gradle.launcher.daemon.server.exec.LogAndCheckHealth.execute(LogAndCheckHealth.java:50)
[2020-07-31 15:31:45] [build] [2020-07-31 15:31:45] [autobuild] 	at org.gradle.launcher.daemon.server.api.DaemonCommandExecution.proceed(DaemonCommandExecution.java:104)
[2020-07-31 15:31:45] [build] [2020-07-31 15:31:45] [autobuild] 	at org.gradle.launcher.daemon.server.exec.LogToClient.doBuild(LogToClient.java:63)
[2020-07-31 15:31:45] [build] [2020-07-31 15:31:45] [autobuild] 	at org.gradle.launcher.daemon.server.exec.BuildCommandOnly.execute(BuildCommandOnly.java:37)
[2020-07-31 15:31:45] [build] [2020-07-31 15:31:45] [autobuild] 	at org.gradle.launcher.daemon.server.api.DaemonCommandExecution.proceed(DaemonCommandExecution.java:104)
[2020-07-31 15:31:45] [build] [2020-07-31 15:31:45] [autobuild] 	at org.gradle.launcher.daemon.server.exec.EstablishBuildEnvironment.doBuild(EstablishBuildEnvironment.java:82)
[2020-07-31 15:31:45] [build] [2020-07-31 15:31:45] [autobuild] 	at org.gradle.launcher.daemon.server.exec.BuildCommandOnly.execute(BuildCommandOnly.java:37)
[2020-07-31 15:31:45] [build] [2020-07-31 15:31:45] [autobuild] 	at org.gradle.launcher.daemon.server.api.DaemonCommandExecution.proceed(DaemonCommandExecution.java:104)
[2020-07-31 15:31:45] [build] [2020-07-31 15:31:45] [autobuild] 	at org.gradle.launcher.daemon.server.exec.StartBuildOrRespondWithBusy$1.run(StartBuildOrRespondWithBusy.java:52)
[2020-07-31 15:31:45] [build] [2020-07-31 15:31:45] [autobuild] 	at org.gradle.launcher.daemon.server.DaemonStateCoordinator$1.run(DaemonStateCoordinator.java:297)
[2020-07-31 15:31:45] [build] [2020-07-31 15:31:45] [autobuild] 	at org.gradle.internal.concurrent.ExecutorPolicy$CatchAndRecordFailures.onExecute(ExecutorPolicy.java:64)
[2020-07-31 15:31:45] [build] [2020-07-31 15:31:45] [autobuild] 	at org.gradle.internal.concurrent.ManagedExecutorImpl$1.run(ManagedExecutorImpl.java:48)
[2020-07-31 15:31:45] [build] [2020-07-31 15:31:45] [autobuild] 	at java.util.concurrent.ThreadPoolExecutor.runWorker(ThreadPoolExecutor.java:1149)
[2020-07-31 15:31:45] [build] [2020-07-31 15:31:45] [autobuild] 	at java.util.concurrent.ThreadPoolExecutor$Worker.run(ThreadPoolExecutor.java:624)
[2020-07-31 15:31:45] [build] [2020-07-31 15:31:45] [autobuild] 	at org.gradle.internal.concurrent.ThreadFactoryImpl$ManagedThreadRunnable.run(ThreadFactoryImpl.java:56)
[2020-07-31 15:31:45] [build] [2020-07-31 15:31:45] [autobuild] 	at java.lang.Thread.run(Thread.java:748)
[2020-07-31 15:31:45] [build] [2020-07-31 15:31:45] [autobuild] * Get more help at https://help.gradle.org
[2020-07-31 15:31:45] [build] [2020-07-31 15:31:45] [autobuild] BUILD FAILED in 45s
[2020-07-31 15:31:45] [build] [2020-07-31 15:31:45] [autobuild] [2020-07-31 15:31:45] [ERROR] Spawned process exited abnormally (code 1; tried to run: [/opt/dist/tools/preload_tracer, ./gradlew, -Dorg.gradle.caching=false, --no-daemon, -S, testClasses])
[2020-07-31 15:31:45] [build] [2020-07-31 15:31:45] [ERROR] Spawned process exited abnormally (code 1; tried to run: [odasa, index, --auto, ./gradlew, -Dorg.gradle.caching=false, --no-daemon, -S, testClasses])
